0 info it worked if it ends with ok
1 verbose cli [ '/home/ganapav/.nvm/versions/node/v7.2.1/bin/node',
1 verbose cli   '/home/ganapav/.nvm/versions/node/v7.2.1/bin/npm',
1 verbose cli   'run',
1 verbose cli   'develop' ]
2 info using npm@3.10.10
3 info using node@v7.2.1
4 verbose run-script [ 'predevelop', 'develop', 'postdevelop' ]
5 info lifecycle map-builder@1.0.0~predevelop: map-builder@1.0.0
6 silly lifecycle map-builder@1.0.0~predevelop: no script for predevelop, continuing
7 info lifecycle map-builder@1.0.0~develop: map-builder@1.0.0
8 verbose lifecycle map-builder@1.0.0~develop: unsafe-perm in lifecycle true
9 verbose lifecycle map-builder@1.0.0~develop: PATH: /home/ganapav/.nvm/versions/node/v7.2.1/lib/node_modules/npm/bin/node-gyp-bin:/home/ganapav/git/map-builder/node_modules/.bin:/home/ganapav/.nvm/versions/node/v7.2.1/bin:/usr/local/bin:/usr/bin:/bin:/snap/bin
10 verbose lifecycle map-builder@1.0.0~develop: CWD: /home/ganapav/git/map-builder
11 silly lifecycle map-builder@1.0.0~develop: Args: [ '-c', 'webpack-dev-server' ]
12 silly lifecycle map-builder@1.0.0~develop: Returned: code: 1  signal: null
13 info lifecycle map-builder@1.0.0~develop: Failed to exec develop script
14 verbose stack Error: map-builder@1.0.0 develop: `webpack-dev-server`
14 verbose stack Exit status 1
14 verbose stack     at EventEmitter.<anonymous> (/home/ganapav/.nvm/versions/node/v7.2.1/lib/node_modules/npm/lib/utils/lifecycle.js:255:16)
14 verbose stack     at emitTwo (events.js:106:13)
14 verbose stack     at EventEmitter.emit (events.js:191:7)
14 verbose stack     at ChildProcess.<anonymous> (/home/ganapav/.nvm/versions/node/v7.2.1/lib/node_modules/npm/lib/utils/spawn.js:40:14)
14 verbose stack     at emitTwo (events.js:106:13)
14 verbose stack     at ChildProcess.emit (events.js:191:7)
14 verbose stack     at maybeClose (internal/child_process.js:885:16)
14 verbose stack     at Process.ChildProcess._handle.onexit (internal/child_process.js:226:5)
15 verbose pkgid map-builder@1.0.0
16 verbose cwd /home/ganapav/git/map-builder
17 error Linux 4.4.0-21-generic
18 error argv "/home/ganapav/.nvm/versions/node/v7.2.1/bin/node" "/home/ganapav/.nvm/versions/node/v7.2.1/bin/npm" "run" "develop"
19 error node v7.2.1
20 error npm  v3.10.10
21 error code ELIFECYCLE
22 error map-builder@1.0.0 develop: `webpack-dev-server`
22 error Exit status 1
23 error Failed at the map-builder@1.0.0 develop script 'webpack-dev-server'.
23 error Make sure you have the latest version of node.js and npm installed.
23 error If you do, this is most likely a problem with the map-builder package,
23 error not with npm itself.
23 error Tell the author that this fails on your system:
23 error     webpack-dev-server
23 error You can get information on how to open an issue for this project with:
23 error     npm bugs map-builder
23 error Or if that isn't available, you can get their info via:
23 error     npm owner ls map-builder
23 error There is likely additional logging output above.
24 verbose exit [ 1, true ]
